<?xml version="1.0" encoding="UTF-8"?>
<!-- Generated by org.testng.reporters.JUnitReportReporter -->
<testsuite hostname="Hemanth" failures="0" tests="4" name="com.urbanladder.runner.UrbanTestRunner" time="56.456" errors="0" timestamp="2024-04-25T16:17:08 IST" skipped="0">
  <testcase classname="com.urbanladder.runner.UrbanTestRunner" name="runScenario" time="12.299"/>
  <system-out/>
  <testcase classname="com.urbanladder.runner.UrbanTestRunner" name="runScenario" time="23.111"/>
  <system-out/>
  <testcase classname="com.urbanladder.runner.UrbanTestRunner" name="runScenario" time="13.361"/>
  <system-out/>
  <testcase classname="com.urbanladder.runner.UrbanTestRunner" name="runScenario" time="7.685"/>
  <system-out/>
</testsuite> <!-- com.urbanladder.runner.UrbanTestRunner -->
